

> intealegend.site@0.1.0 build
> next build

[?25l [37m[1m [22m[39m Creating an optimized production build [36m.[39m[2K[1G [37m[1m [22m[39m Creating an optimized production build [36m..[39m[2K[1G [37m[1m [22m[39m Creating an optimized production build [36m...[39m[2K[1G [37m[1m [22m[39m Creating an optimized production build [36m.[39m[2K[1G [37m[1m [22m[39m Creating an optimized production build [36m..[39m[2K[1G [37m[1m [22m[39m Creating an optimized production build [36m...[39m[2K[1G [37m[1m [22m[39m Creating an optimized production build [36m.[39m[2K[1G [37m[1m [22m[39m Creating an optimized production build [36m..[39m[2K[1G [37m[1m [22m[39m Creating an optimized production build [36m...[39m[2K[1G [37m[1m [22m[39m Creating an optimized production build [36m.[39m[2K[1G [37m[1m [22m[39m Creating an optimized production build [36m..[39m[2K[1G [37m[1m [22m[39m Creating an optimized production build [36m...[39m[2K[1G [37m[1m [22m[39m Creating an optimized production build [36m.[39m[2K[1G [37m[1m [22m[39m Creating an optimized production build [36m..[39m[2K[1G [37m[1m [22m[39m Creating an optimized production build [36m...[39m[2K[1G [37m[1m [22m[39m Creating an optimized production build [36m.[39m[2K[1G [37m[1m [22m[39m Creating an optimized production build [36m..[39m[2K[1G[?25h [37m[1m [22m[39m Creating an optimized production build    [32m[1m✓[22m[39m Creating an optimized production build
 [32m[1m✓[22m[39m Compiled successfully
 [37m[1m [22m[39m Skipping linting
[?25l [37m[1m [22m[39m Checking validity of types [36m.[39m[2K[1G [37m[1m [22m[39m Checking validity of types [36m..[39m[2K[1G [37m[1m [22m[39m Checking validity of types [36m...[39m[2K[1G [37m[1m [22m[39m Checking validity of types [36m.[39m[2K[1G [37m[1m [22m[39m Checking validity of types [36m..[39m[2K[1G [37m[1m [22m[39m Checking validity of types [36m...[39m[2K[1G [37m[1m [22m[39m Checking validity of types [36m.[39m[2K[1G [37m[1m [22m[39m Checking validity of types [36m..[39m[2K[1G [37m[1m [22m[39m Checking validity of types [36m...[39m[2K[1G [37m[1m [22m[39m Checking validity of types [36m.[39m[2K[1G [37m[1m [22m[39m Checking validity of types [36m..[39m[2K[1G [37m[1m [22m[39m Checking validity of types [36m...[39m[2K[1G [37m[1m [22m[39m Checking validity of types [36m.[39m[2K[1G [37m[1m [22m[39m Checking validity of types [36m..[39m[2K[1G [37m[1m [22m[39m Checking validity of types [36m...[39m[2K[1G [37m[1m [22m[39m Checking validity of types [36m.[39m[2K[1G[?25h [37m[1m [22m[39m Checking validity of types    [32m[1m✓[22m[39m Checking validity of types
[?25l [37m[1m [22m[39m Collecting page data [36m.[39m[2K[1G [37m[1m [22m[39m Collecting page data [36m..[39m[2K[1G[?25h [37m[1m [22m[39m Collecting page data    [32m[1m✓[22m[39m Collecting page data
[?25l [37m[1m [22m[39m Generating static pages (0/10) [36m[    ][39m[2K[1G[?25h [32m[1m✓[22m[39m Generating static pages (10/10)
[?25l [37m[1m [22m[39m Finalizing page optimization [36m.[39m[2K[1G[?25h [37m[1m [22m[39m Finalizing page optimization    [32m[1m✓[22m[39m Finalizing page optimization

[4mRoute (app)[24m                              [4mSize[24m     [4mFirst Load JS[24m
┌ ○ /                                    30.8 kB         [32m122 kB[39m
├ ○ /_not-found                          872 B          [32m80.2 kB[39m
├ ○ /account/login                       2.75 kB        [32m94.2 kB[39m
├ ○ /account/register                    4.47 kB         [33m157 kB[39m
├ ○ /account/verification-pending        1.74 kB        [32m93.2 kB[39m
├ ○ /explore                             841 B           [32m127 kB[39m
└ ○ /sell-online                         4.14 kB         [33m157 kB[39m
+ First Load JS shared by all            [32m79.3 kB[39m
  ├ chunks/864-c8b86ce7cbfdca7e.js       26.5 kB
  ├ chunks/fd9d1056-5e7279ffd4fbf9c7.js  50.9 kB
  ├ chunks/main-app-66466583c3fdf809.js  220 B
  └ chunks/webpack-615637c987e656a1.js   1.71 kB


○  (Static)  automatically rendered as static HTML (uses no initial props)

[?25h
